[2019-03-12 17:00:01.581] [renderer1] [info] no standard startup: not running latest version
[2019-03-13 11:44:34.397] [renderer1] [error] TypeScript Server Error (3.3.1)
Error processing request. Debug Failure.
Error: Debug Failure.
    at Object.assertDefined (tsserver.js:1494:24)
    at containsPrecedingToken (tsserver.js:104374:43)
    at isSyntacticOwner (tsserver.js:104351:28)
    at getCandidateOrTypeInfo (tsserver.js:104315:52)
    at Object.getSignatureHelpItems (tsserver.js:104292:33)
    at Proxy.getSignatureHelpItems (tsserver.js:118630:37)
    at IOSession.Session.getSignatureHelpItems (tsserver.js:126686:62)
    at Session.handlers.ts.createMapFromTemplate._a.(anonymous function) (tsserver.js:125640:61)
    at tsserver.js:127107:88
    at IOSession.Session.executeWithRequestId (tsserver.js:127098:28)
    at IOSession.Session.executeCommand (tsserver.js:127107:33)
    at IOSession.Session.onMessage (tsserver.js:127129:35)
    at Interface.<anonymous> (tsserver.js:128390:27)
    at Interface.emit (events.js:182:13)
    at Interface._onLine (readline.js:290:10)
    at Interface._normalWrite (readline.js:433:12)
    at Socket.ondata (readline.js:149:10)
    at Socket.emit (events.js:182:13)
    at addChunk (_stream_readable.js:279:12)
    at readableAddChunk (_stream_readable.js:264:11)
    at Socket.Readable.push (_stream_readable.js:219:10)
    at Pipe.onread (net.js:636:20): Error: TypeScript Server Error (3.3.1)
Error processing request. Debug Failure.
Error: Debug Failure.
    at Object.assertDefined (tsserver.js:1494:24)
    at containsPrecedingToken (tsserver.js:104374:43)
    at isSyntacticOwner (tsserver.js:104351:28)
    at getCandidateOrTypeInfo (tsserver.js:104315:52)
    at Object.getSignatureHelpItems (tsserver.js:104292:33)
    at Proxy.getSignatureHelpItems (tsserver.js:118630:37)
    at IOSession.Session.getSignatureHelpItems (tsserver.js:126686:62)
    at Session.handlers.ts.createMapFromTemplate._a.(anonymous function) (tsserver.js:125640:61)
    at tsserver.js:127107:88
    at IOSession.Session.executeWithRequestId (tsserver.js:127098:28)
    at IOSession.Session.executeCommand (tsserver.js:127107:33)
    at IOSession.Session.onMessage (tsserver.js:127129:35)
    at Interface.<anonymous> (tsserver.js:128390:27)
    at Interface.emit (events.js:182:13)
    at Interface._onLine (readline.js:290:10)
    at Interface._normalWrite (readline.js:433:12)
    at Socket.ondata (readline.js:149:10)
    at Socket.emit (events.js:182:13)
    at addChunk (_stream_readable.js:279:12)
    at readableAddChunk (_stream_readable.js:264:11)
    at Socket.Readable.push (_stream_readable.js:219:10)
    at Pipe.onread (net.js:636:20)
	at v.dispatchResponse (/usr/share/code/resources/app/extensions/typescript-language-features/dist/extension.js:1:178103)
	at v.dispatchMessage (/usr/share/code/resources/app/extensions/typescript-language-features/dist/extension.js:1:176857)
	at constructor._reader.onData.e (/usr/share/code/resources/app/extensions/typescript-language-features/dist/extension.js:1:176213)
	at e.fire (/usr/share/code/resources/app/out/vs/workbench/services/extensions/node/extensionHostProcess.js:44:113)
	at t.Reader.onLengthData (/usr/share/code/resources/app/extensions/typescript-language-features/dist/extension.js:1:182286)
	at Socket.t.Reader.constructor.e.on.e (/usr/share/code/resources/app/extensions/typescript-language-features/dist/extension.js:1:181934)
	at Socket.emit (events.js:182:13)
	at addChunk (_stream_readable.js:279:12)
	at readableAddChunk (_stream_readable.js:264:11)
	at Socket.Readable.push (_stream_readable.js:219:10)
	at Pipe.onread (net.js:636:20)
[2019-03-13 11:56:16.609] [renderer1] [error] write EPIPE: Error: write EPIPE
	at WriteWrap.afterWrite [as oncomplete] (net.js:833:14)
