[2019-03-12 16:55:53.566] [exthost] [info] extension host started
[2019-03-12 16:55:54.118] [exthost] [info] ExtensionService#_doActivateExtension vscode.debug-auto-launch {"startup":true,"activationEvent":"*"}
[2019-03-12 16:55:54.126] [exthost] [info] ExtensionService#loadCommonJSModule /usr/share/code/resources/app/extensions/debug-auto-launch/dist/extension
[2019-03-12 16:55:54.164] [exthost] [info] ExtensionService#_doActivateExtension vscode.emmet {"startup":true,"activationEvent":"*"}
[2019-03-12 16:55:54.168] [exthost] [info] ExtensionService#loadCommonJSModule /usr/share/code/resources/app/extensions/emmet/dist/extension
[2019-03-12 16:55:54.361] [exthost] [info] ExtensionService#_doActivateExtension vscode.git {"startup":true,"activationEvent":"*"}
[2019-03-12 16:55:54.365] [exthost] [info] ExtensionService#loadCommonJSModule /usr/share/code/resources/app/extensions/git/dist/main
[2019-03-12 16:55:55.301] [exthost] [info] ExtensionService#_doActivateExtension vscode.merge-conflict {"startup":true,"activationEvent":"*"}
[2019-03-12 16:55:55.308] [exthost] [info] ExtensionService#loadCommonJSModule /usr/share/code/resources/app/extensions/merge-conflict/dist/extension
[2019-03-12 16:55:55.343] [exthost] [info] ExtensionService#_doActivateExtension CoenraadS.bracket-pair-colorizer-2 {"startup":true,"activationEvent":"*"}
[2019-03-12 16:55:55.347] [exthost] [info] ExtensionService#loadCommonJSModule /home/miri/.vscode/extensions/coenraads.bracket-pair-colorizer-2-0.0.28/out/src/extension
[2019-03-12 16:55:55.519] [exthost] [info] ExtensionService#_doActivateExtension dbaeumer.vscode-eslint {"startup":true,"activationEvent":"*"}
[2019-03-12 16:55:55.519] [exthost] [info] ExtensionService#loadCommonJSModule /home/miri/.vscode/extensions/dbaeumer.vscode-eslint-1.8.2/client/out/extension
[2019-03-12 16:55:55.970] [exthost] [info] ExtensionService#_doActivateExtension eamodio.gitlens {"startup":true,"activationEvent":"*"}
[2019-03-12 16:55:55.972] [exthost] [info] ExtensionService#loadCommonJSModule /home/miri/.vscode/extensions/eamodio.gitlens-9.5.1/dist/extension
[2019-03-12 16:55:57.247] [exthost] [info] ExtensionService#_doActivateExtension EditorConfig.EditorConfig {"startup":true,"activationEvent":"*"}
[2019-03-12 16:55:57.259] [exthost] [info] ExtensionService#loadCommonJSModule /home/miri/.vscode/extensions/editorconfig.editorconfig-0.13.0/out/src/editorConfigMain
[2019-03-12 16:55:59.499] [exthost] [info] ExtensionService#_doActivateExtension HookyQR.beautify {"startup":true,"activationEvent":"*"}
[2019-03-12 16:55:59.500] [exthost] [info] ExtensionService#loadCommonJSModule /home/miri/.vscode/extensions/hookyqr.beautify-1.4.9/extension
[2019-03-12 16:56:00.231] [exthost] [info] eager extensions activated
[2019-03-12 16:56:02.156] [exthost] [info] ExtensionService#_doActivateExtension vscode.html-language-features {"startup":false,"activationEvent":"onLanguage:html"}
[2019-03-12 16:56:02.156] [exthost] [info] ExtensionService#loadCommonJSModule /usr/share/code/resources/app/extensions/html-language-features/client/dist/htmlMain
[2019-03-12 16:56:03.121] [exthost] [info] ExtensionService#_doActivateExtension mkaufman.HTMLHint {"startup":false,"activationEvent":"onLanguage:html"}
[2019-03-12 16:56:03.128] [exthost] [info] ExtensionService#loadCommonJSModule /home/miri/.vscode/extensions/mkaufman.htmlhint-0.5.0/out/extension
[2019-03-12 16:56:03.636] [exthost] [info] ExtensionService#_doActivateExtension tht13.html-preview-vscode {"startup":false,"activationEvent":"onLanguage:html"}
[2019-03-12 16:56:03.637] [exthost] [info] ExtensionService#loadCommonJSModule /home/miri/.vscode/extensions/tht13.html-preview-vscode-0.2.5/out/extension.js
[2019-03-12 16:56:43.369] [exthost] [info] ExtensionService#_doActivateExtension vscode.extension-editing {"startup":false,"activationEvent":"onLanguage:typescript"}
[2019-03-12 16:56:43.372] [exthost] [info] ExtensionService#loadCommonJSModule /usr/share/code/resources/app/extensions/extension-editing/dist/extension
[2019-03-12 16:56:43.545] [exthost] [info] ExtensionService#_doActivateExtension vscode.typescript-language-features {"startup":false,"activationEvent":"onLanguage:typescript"}
[2019-03-12 16:56:43.545] [exthost] [info] ExtensionService#loadCommonJSModule /usr/share/code/resources/app/extensions/typescript-language-features/dist/extension
[2019-03-12 16:56:44.025] [exthost] [info] ExtensionService#_doActivateExtension ms-vscode.vscode-typescript-tslint-plugin {"startup":false,"activationEvent":"onLanguage:typescript"}
[2019-03-12 16:56:44.026] [exthost] [info] ExtensionService#loadCommonJSModule /home/miri/.vscode/extensions/ms-vscode.vscode-typescript-tslint-plugin-1.0.0/out/index.js
[2019-03-12 16:56:44.040] [exthost] [info] ExtensionService#_doActivateExtension steoates.autoimport {"startup":false,"activationEvent":"onLanguage:typescript"}
[2019-03-12 16:56:44.045] [exthost] [info] ExtensionService#loadCommonJSModule /home/miri/.vscode/extensions/steoates.autoimport-1.5.3/out/src/extension
[2019-03-12 16:56:44.198] [exthost] [info] ExtensionService#_doActivateExtension xaver.clang-format {"startup":false,"activationEvent":"onLanguage:typescript"}
[2019-03-12 16:56:44.198] [exthost] [info] ExtensionService#loadCommonJSModule /home/miri/.vscode/extensions/xaver.clang-format-1.9.0/out/src/extension
[2019-03-12 16:56:57.797] [exthost] [info] ExtensionService#_doActivateExtension vscode.configuration-editing {"startup":false,"activationEvent":"onLanguage:jsonc"}
[2019-03-12 16:56:57.797] [exthost] [info] ExtensionService#loadCommonJSModule /usr/share/code/resources/app/extensions/configuration-editing/dist/extension
[2019-03-12 16:56:57.815] [exthost] [info] ExtensionService#_doActivateExtension vscode.json-language-features {"startup":false,"activationEvent":"onLanguage:jsonc"}
[2019-03-12 16:56:57.815] [exthost] [info] ExtensionService#loadCommonJSModule /usr/share/code/resources/app/extensions/json-language-features/client/dist/jsonMain
